SF:/Volumes/MacExtSSD/Development/walki/lib/src/agents/agent.dart
DA:2,0
DA:14,0
DA:15,0
DA:16,0
DA:17,0
DA:18,0
DA:19,0
DA:20,0
DA:21,0
DA:22,0
DA:23,0
DA:25,0
DA:27,0
DA:28,0
DA:29,0
DA:30,0
DA:31,0
DA:32,0
DA:33,0
DA:34,0
DA:35,0
DA:36,0
DA:37,0
DA:38,0
DA:40,0
DA:43,0
DA:44,0
DA:45,0
DA:47,0
DA:49,0
DA:52,0
LF:31
LH:0
end_of_record
SF:/Volumes/MacExtSSD/Development/walki/lib/src/channels/channel.dart
DA:13,1
DA:14,1
DA:15,2
DA:16,2
DA:17,4
DA:24,1
DA:25,1
DA:26,1
DA:27,4
DA:31,3
DA:46,1
DA:47,1
DA:48,4
DA:49,0
DA:55,1
DA:71,0
DA:91,1
DA:115,3
DA:117,5
DA:118,2
DA:120,1
DA:130,1
DA:131,1
DA:132,0
DA:133,1
DA:134,1
DA:135,1
DA:136,1
DA:137,1
DA:138,1
DA:139,1
DA:140,1
LF:32
LH:29
end_of_record
SF:/Volumes/MacExtSSD/Development/walki/lib/src/channels/channel_formatter.dart
DA:4,1
DA:6,1
DA:7,1
DA:9,3
DA:10,1
DA:11,1
DA:12,1
DA:13,3
DA:14,4
DA:15,5
DA:16,4
DA:17,3
DA:18,1
DA:20,2
DA:21,1
DA:22,1
DA:23,2
DA:24,1
DA:27,2
DA:28,0
DA:29,0
DA:30,0
DA:31,0
DA:33,0
DA:36,2
DA:37,1
DA:38,1
DA:39,2
DA:40,2
DA:42,1
DA:45,1
DA:46,1
DA:48,2
DA:49,1
DA:50,7
DA:52,1
DA:53,2
DA:54,1
DA:55,1
DA:56,1
DA:57,1
DA:59,1
DA:60,1
DA:63,1
DA:64,0
DA:65,0
DA:66,0
DA:67,0
DA:68,0
DA:69,0
DA:70,0
DA:71,0
DA:72,0
DA:74,0
DA:75,0
DA:76,0
DA:77,0
DA:79,0
DA:81,0
DA:82,0
DA:83,0
DA:84,0
DA:86,0
DA:88,0
DA:89,0
DA:92,3
DA:95,0
DA:96,0
DA:97,0
DA:98,0
DA:99,0
DA:100,0
DA:102,0
DA:103,0
DA:104,0
DA:105,0
DA:106,0
DA:108,0
DA:111,0
DA:112,0
DA:113,0
DA:114,0
DA:115,0
DA:116,0
DA:117,0
DA:118,0
DA:119,0
DA:120,0
DA:121,0
DA:122,0
DA:123,0
DA:125,0
DA:126,0
DA:127,0
DA:128,0
DA:130,0
DA:132,0
DA:133,0
DA:134,0
DA:135,0
DA:137,0
DA:139,0
DA:140,0
DA:142,0
DA:145,0
DA:146,0
DA:147,0
DA:148,0
DA:149,0
DA:150,0
DA:152,0
DA:153,0
DA:154,0
DA:155,0
DA:158,0
DA:159,0
DA:160,0
DA:163,0
LF:118
LH:40
end_of_record
SF:/Volumes/MacExtSSD/Development/walki/lib/src/channels/channel_parser.dart
DA:4,1
DA:6,1
DA:7,1
DA:10,1
DA:11,1
DA:13,1
DA:14,1
DA:16,1
DA:17,1
DA:23,1
DA:24,1
DA:25,1
DA:26,1
DA:31,3
DA:32,2
DA:34,1
DA:35,2
DA:39,1
DA:44,2
DA:47,1
DA:49,0
DA:58,1
DA:60,1
DA:64,2
DA:65,1
DA:66,2
DA:67,1
DA:70,4
DA:71,2
DA:72,2
DA:73,1
DA:76,1
DA:80,1
DA:81,1
DA:85,2
DA:88,2
DA:95,1
DA:99,1
DA:103,1
DA:110,1
DA:111,1
DA:112,1
DA:113,1
DA:114,2
DA:115,3
DA:117,1
DA:118,1
DA:119,1
DA:120,1
DA:121,1
DA:122,1
DA:123,1
DA:124,5
DA:125,1
DA:126,1
DA:133,0
DA:137,0
DA:138,0
DA:141,0
DA:147,0
DA:148,0
DA:154,0
DA:155,0
DA:157,0
DA:159,0
DA:161,0
DA:165,0
DA:166,0
DA:167,0
DA:169,0
DA:170,0
DA:176,0
DA:177,0
DA:178,0
DA:179,0
DA:182,0
DA:186,1
DA:187,3
DA:193,1
DA:194,0
DA:195,0
DA:200,1
DA:201,3
DA:202,2
DA:208,0
DA:209,0
DA:211,0
DA:212,0
DA:218,1
LF:89
LH:61
end_of_record
SF:/Volumes/MacExtSSD/Development/walki/lib/src/config/agent_config.dart
DA:2,1
DA:12,1
DA:13,1
DA:14,1
DA:15,1
DA:16,2
DA:20,0
DA:21,0
DA:22,0
DA:23,0
DA:26,1
DA:27,1
DA:30,1
DA:34,1
DA:35,1
DA:38,1
DA:48,1
LF:17
LH:13
end_of_record
SF:/Volumes/MacExtSSD/Development/walki/lib/src/config/walki_config.dart
DA:4,1
DA:24,1
DA:25,2
DA:26,1
DA:27,2
DA:28,4
DA:31,1
DA:32,1
DA:33,2
DA:34,3
DA:36,3
DA:37,3
DA:38,3
DA:39,3
DA:43,1
DA:44,1
DA:45,1
DA:46,2
DA:47,2
DA:48,2
DA:49,2
DA:50,2
DA:51,2
DA:52,2
DA:56,0
DA:65,0
DA:66,0
DA:67,0
DA:68,0
DA:69,0
DA:70,0
DA:71,0
DA:72,0
DA:73,0
DA:79,1
DA:83,1
DA:84,2
DA:87,3
DA:91,1
DA:105,1
DA:106,1
DA:107,1
DA:108,1
DA:109,1
DA:110,1
DA:111,1
DA:115,2
DA:116,1
DA:117,1
DA:118,1
DA:119,1
DA:120,1
DA:125,1
DA:129,1
DA:130,1
DA:131,3
DA:135,3
DA:139,1
DA:157,1
DA:158,1
DA:159,1
DA:160,1
DA:161,1
DA:162,1
DA:163,1
DA:164,1
DA:165,1
DA:169,2
DA:170,1
DA:171,1
DA:172,1
DA:173,1
DA:174,1
DA:175,1
DA:176,1
DA:179,0
DA:188,0
DA:189,0
DA:190,0
DA:191,0
DA:192,0
DA:193,0
DA:194,0
DA:195,0
DA:201,1
DA:213,1
DA:214,1
DA:215,1
DA:216,1
DA:217,1
DA:218,1
DA:222,2
DA:223,1
DA:224,1
DA:225,1
DA:226,1
DA:231,1
DA:243,1
DA:244,1
DA:245,1
DA:246,1
DA:247,1
DA:248,1
DA:252,2
DA:253,1
DA:254,1
DA:255,1
DA:256,1
LF:108
LH:89
end_of_record
SF:/Volumes/MacExtSSD/Development/walki/lib/src/decisions/decision.dart
DA:2,1
DA:24,1
DA:25,1
DA:26,3
DA:27,1
DA:28,3
DA:29,3
DA:30,5
DA:31,4
DA:32,1
DA:34,1
DA:35,1
DA:36,2
DA:37,1
DA:39,1
DA:40,1
DA:41,2
DA:42,1
DA:44,2
DA:45,1
DA:46,1
DA:47,2
DA:48,2
DA:50,1
DA:53,2
DA:54,0
DA:55,0
DA:56,0
DA:57,0
DA:59,0
DA:62,2
DA:63,1
DA:64,1
DA:65,2
DA:66,2
DA:68,1
DA:71,1
LF:37
LH:32
end_of_record
SF:/Volumes/MacExtSSD/Development/walki/lib/src/rules/instruction_loader.dart
DA:5,0
DA:7,0
DA:12,0
DA:15,0
DA:16,0
DA:17,0
DA:18,0
DA:19,0
DA:20,0
DA:21,0
DA:30,0
DA:31,0
DA:32,0
DA:33,0
DA:34,0
DA:35,0
DA:36,0
DA:37,0
DA:38,0
DA:46,0
DA:50,0
DA:51,0
DA:56,0
DA:57,0
DA:61,0
DA:62,0
DA:66,0
DA:67,0
DA:68,0
DA:73,0
DA:74,0
DA:75,0
DA:80,0
DA:81,0
DA:82,0
DA:87,0
DA:88,0
DA:91,0
DA:92,0
DA:95,0
DA:96,0
DA:103,0
DA:104,0
DA:105,0
DA:106,0
DA:109,0
DA:110,0
DA:111,0
DA:112,0
DA:113,0
DA:114,0
DA:115,0
DA:117,0
DA:135,0
DA:145,0
LF:55
LH:0
end_of_record
SF:/Volumes/MacExtSSD/Development/walki/lib/src/sdd_ai/sdd_ai_adapter.dart
DA:6,0
DA:8,0
DA:9,0
DA:10,0
DA:13,0
DA:14,0
DA:15,0
DA:16,0
DA:18,0
DA:20,0
DA:21,0
DA:22,0
DA:23,0
DA:29,0
DA:34,0
DA:36,0
DA:37,0
DA:40,0
DA:42,0
DA:43,0
DA:45,0
DA:46,0
DA:49,0
DA:50,0
DA:51,0
DA:55,0
DA:56,0
DA:57,0
LF:28
LH:0
end_of_record
SF:/Volumes/MacExtSSD/Development/walki/lib/src/storage/workspace.dart
DA:8,0
DA:21,0
DA:22,0
DA:23,0
DA:26,0
DA:27,0
DA:28,0
DA:31,0
DA:32,0
DA:33,0
DA:34,0
DA:35,0
DA:37,0
DA:38,0
DA:39,0
DA:42,0
DA:43,0
DA:44,0
DA:45,0
DA:46,0
DA:49,0
DA:55,0
DA:56,0
DA:58,0
DA:59,0
DA:60,0
DA:63,0
DA:64,0
DA:65,0
DA:66,0
DA:67,0
DA:68,0
DA:69,0
DA:70,0
DA:72,0
DA:73,0
DA:74,0
DA:75,0
DA:76,0
DA:77,0
DA:78,0
DA:80,0
DA:82,0
DA:83,0
DA:84,0
DA:86,0
DA:87,0
DA:88,0
DA:90,0
DA:91,0
DA:93,0
DA:95,0
DA:97,0
DA:98,0
DA:100,0
DA:101,0
DA:102,0
DA:103,0
DA:104,0
DA:107,0
DA:108,0
DA:113,0
DA:114,0
DA:115,0
DA:116,0
DA:117,0
DA:118,0
DA:119,0
DA:120,0
DA:122,0
DA:123,0
DA:124,0
DA:126,0
DA:127,0
DA:130,0
DA:131,0
DA:132,0
DA:134,0
DA:135,0
DA:136,0
DA:138,0
DA:139,0
DA:140,0
DA:141,0
DA:142,0
DA:143,0
DA:144,0
DA:145,0
DA:146,0
DA:148,0
DA:151,0
DA:152,0
DA:153,0
DA:155,0
DA:157,0
DA:158,0
DA:160,0
DA:164,0
LF:98
LH:0
end_of_record
SF:/Volumes/MacExtSSD/Development/walki/lib/src/tasks/task.dart
DA:2,1
DA:22,1
DA:23,1
DA:24,3
DA:25,1
DA:26,3
DA:27,3
DA:28,3
DA:29,4
DA:30,5
DA:31,1
DA:33,1
DA:34,1
DA:35,2
DA:36,1
DA:38,2
DA:39,1
DA:40,1
DA:41,2
DA:42,2
DA:44,1
DA:47,1
LF:22
LH:22
end_of_record
SF:/Volumes/MacExtSSD/Development/walki/lib/src/validation/permission_engine.dart
DA:5,1
DA:7,1
DA:8,2
DA:11,1
DA:16,1
DA:18,1
DA:19,0
DA:20,0
DA:24,1
DA:25,1
DA:26,2
DA:31,3
DA:32,1
DA:33,0
DA:34,0
DA:38,3
DA:39,0
DA:40,0
DA:47,0
DA:48,0
DA:50,0
DA:51,0
DA:52,0
DA:53,0
DA:54,0
DA:55,0
DA:56,0
DA:61,0
DA:62,0
DA:63,0
DA:64,0
DA:65,0
DA:66,0
DA:67,0
DA:71,0
DA:72,0
DA:73,0
DA:74,0
DA:75,0
DA:80,0
DA:81,0
DA:82,0
DA:83,0
DA:84,0
DA:85,0
DA:86,0
DA:87,0
LF:47
LH:12
end_of_record
